2024-01-18 17:15:45,793 --product table extracted--
2024-01-18 17:16:09,041 --product table extracted--
2024-01-18 17:16:09,068 Closing down clientserver connection
2024-01-18 18:14:07,309 tag transformation done
2024-01-18 18:14:07,309 collection tag transfomation done
2024-01-18 18:14:07,309 collection_tag_FE transformation done
2024-01-18 18:14:08,614 Load pretrained SentenceTransformer: bert-base-nli-mean-tokens
2024-01-18 18:14:09,510 Use pytorch device: cpu
2024-01-18 18:15:14,623 tag transformation done
2024-01-18 18:15:14,623 collection tag transfomation done
2024-01-18 18:15:14,623 collection_tag_FE transformation done
2024-01-18 18:15:14,623 cosing similarity_genrated tag_collection
2024-01-18 18:15:14,623 cosing similarity_genrated collection_tag
2024-01-18 18:15:14,623 cosing similarity_genrated collection_tag_FE
2024-01-18 18:15:14,645 Closing down clientserver connection
2024-01-18 20:35:40,203 total number of product 1
2024-01-18 20:35:40,950 Execution time:0.745988130569458 seconds
2024-01-18 20:36:50,688 total number of product 1
2024-01-18 20:36:51,330 Execution time:0.6414797306060791 seconds
2024-01-18 20:41:28,200 total number of product 1
2024-01-18 20:41:28,863 Execution time:0.6634833812713623 seconds
2024-01-19 15:12:29,349 total number of product 1
2024-01-19 15:12:29,545 Execution time:0.18745875358581543 seconds
2024-01-19 15:15:13,887 total number of product 1
2024-01-19 15:15:14,100 Execution time:0.21309709548950195 seconds
2024-01-19 15:17:35,232 total number of product 1
2024-01-19 15:17:35,446 Execution time:0.21276283264160156 seconds
2024-01-19 15:20:12,036 total number of product 1
2024-01-19 15:20:12,244 Execution time:0.20773649215698242 seconds
2024-01-19 15:21:28,887 total number of product 1
2024-01-19 15:21:29,101 Execution time:0.21328186988830566 seconds
2024-01-19 15:23:24,284 total number of product 1
2024-01-19 15:23:24,476 Execution time:0.19122862815856934 seconds
2024-01-19 15:24:57,933 total number of product 1
2024-01-19 15:24:58,559 Execution time:0.6248180866241455 seconds
2024-01-19 15:27:05,677 total number of product 1
2024-01-19 15:27:06,286 Execution time:0.6080582141876221 seconds
2024-01-19 15:29:12,899 total number of product 1
2024-01-19 15:29:13,504 Execution time:0.60453200340271 seconds
2024-01-19 15:30:32,326 total number of product 1
2024-01-19 15:30:32,917 Execution time:0.5901029109954834 seconds
2024-01-19 15:31:57,262 total number of product 1
2024-01-19 15:31:57,869 Execution time:0.6061873435974121 seconds
2024-01-19 15:33:33,778 total number of product 1
2024-01-19 15:33:34,369 Execution time:0.5901045799255371 seconds
2024-01-19 15:40:06,090 total number of product 1
2024-01-19 15:40:06,697 Execution time:0.60788893699646 seconds
2024-01-19 16:00:40,075 total number of product 1
2024-01-19 16:00:40,670 Execution time:0.5945806503295898 seconds
2024-01-19 16:00:46,313 Closing down clientserver connection
2024-01-19 16:06:22,051 total number of product 1
2024-01-19 16:06:22,677 Execution time:0.6258091926574707 seconds
2024-01-19 16:06:27,856 Closing down clientserver connection
2024-01-19 16:08:08,703 total number of product 1
2024-01-19 16:08:09,313 Execution time:0.608529806137085 seconds
2024-01-19 16:08:14,414 Closing down clientserver connection
2024-01-19 16:09:35,537 total number of product 1
2024-01-19 16:09:36,165 Execution time:0.6275386810302734 seconds
2024-01-19 16:09:41,384 Closing down clientserver connection
2024-01-19 16:12:59,025 total number of product 1
2024-01-19 16:12:59,640 Execution time:0.6138021945953369 seconds
2024-01-19 16:13:04,690 Closing down clientserver connection
2024-01-19 16:14:23,241 total number of product 1
2024-01-19 16:14:23,849 Execution time:0.6071028709411621 seconds
2024-01-19 16:14:29,245 Closing down clientserver connection
2024-01-19 16:16:50,714 total number of product 1
2024-01-19 16:16:51,306 Execution time:0.5912797451019287 seconds
2024-01-19 16:16:56,698 Closing down clientserver connection
2024-01-19 16:19:07,562 total number of product 1
2024-01-19 16:19:08,155 Execution time:0.5929610729217529 seconds
2024-01-19 16:19:13,518 Closing down clientserver connection
2024-01-19 16:36:55,764 total number of product 1
2024-01-19 16:36:56,399 Execution time:0.634610652923584 seconds
2024-01-19 16:36:58,868 Closing down clientserver connection
2024-01-19 16:38:03,123 total number of product 1
2024-01-19 16:38:03,763 Execution time:0.6405618190765381 seconds
2024-01-19 16:38:08,278 Closing down clientserver connection
2024-01-19 16:44:19,460 total number of product 1
2024-01-19 16:44:20,056 Execution time:0.5848820209503174 seconds
2024-01-19 16:44:23,878 Closing down clientserver connection
2024-01-19 16:47:30,291 total number of product 1
2024-01-19 16:47:30,885 Execution time:0.5939698219299316 seconds
2024-01-19 16:47:35,821 Closing down clientserver connection
2024-01-19 16:48:51,367 total number of product 1
2024-01-19 16:48:51,964 Execution time:0.5965981483459473 seconds
2024-01-19 16:48:57,158 Closing down clientserver connection
2024-01-19 16:51:09,939 total number of product 1
2024-01-19 16:51:10,556 Execution time:0.6170079708099365 seconds
2024-01-19 16:51:16,244 Closing down clientserver connection
2024-01-19 16:54:03,867 total number of product 1
2024-01-19 16:54:04,447 Execution time:0.5806622505187988 seconds
2024-01-19 16:54:09,442 Closing down clientserver connection
2024-01-19 16:54:58,698 total number of product 1
2024-01-19 16:54:59,295 Execution time:0.5968599319458008 seconds
2024-01-19 16:55:04,187 Closing down clientserver connection
2024-01-19 16:57:50,182 total number of product 1
2024-01-19 16:57:50,748 Execution time:0.5654881000518799 seconds
2024-01-19 16:57:55,966 Closing down clientserver connection
2024-01-19 16:58:55,386 total number of product 1
2024-01-19 16:58:55,986 Execution time:0.6005048751831055 seconds
2024-01-19 16:59:01,203 Closing down clientserver connection
2024-01-19 17:00:29,175 total number of product 1
2024-01-19 17:00:29,808 Execution time:0.6329824924468994 seconds
2024-01-19 17:00:35,121 Closing down clientserver connection
2024-01-19 17:03:26,678 total number of product 1
2024-01-19 17:03:27,276 Execution time:0.5982136726379395 seconds
2024-01-19 17:03:32,448 Closing down clientserver connection
2024-01-19 17:06:59,284 total number of product 1
2024-01-19 17:06:59,864 Execution time:0.5807540416717529 seconds
2024-01-19 17:07:05,428 Closing down clientserver connection
2024-01-19 17:12:18,704 total number of product 1
2024-01-19 17:12:19,299 Execution time:0.5944504737854004 seconds
2024-01-19 17:12:19,326 Closing down clientserver connection
2024-01-19 17:14:06,108 total number of product 1
2024-01-19 17:14:06,707 Execution time:0.5992588996887207 seconds
2024-01-19 17:14:12,143 Closing down clientserver connection
2024-01-19 17:16:02,056 total number of product 1
2024-01-19 17:16:02,637 Execution time:0.5815505981445312 seconds
2024-01-19 17:16:07,920 Closing down clientserver connection
2024-01-19 17:17:51,172 total number of product 1
2024-01-19 17:17:51,753 Execution time:0.5812647342681885 seconds
2024-01-19 17:17:56,981 Closing down clientserver connection
2024-01-19 17:19:26,219 total number of product 1
2024-01-19 17:19:26,816 Execution time:0.5974006652832031 seconds
2024-01-19 17:19:32,334 Closing down clientserver connection
2024-01-19 17:24:12,209 total number of product 7385
2024-01-19 17:55:18,001 total number of product 1
2024-01-19 17:55:18,716 Execution time:0.7148807048797607 seconds
2024-01-19 17:55:24,140 Closing down clientserver connection
2024-01-19 17:56:48,158 total number of product 1
2024-01-19 17:56:48,890 Execution time:0.7319393157958984 seconds
2024-01-19 17:56:54,321 Closing down clientserver connection
2024-01-19 17:58:05,843 total number of product 1
2024-01-19 17:58:06,554 Execution time:0.7106270790100098 seconds
2024-01-19 17:58:12,149 Closing down clientserver connection
2024-01-19 18:00:19,690 total number of product 1
2024-01-19 18:00:20,400 Execution time:0.7096240520477295 seconds
2024-01-19 18:00:25,800 Closing down clientserver connection
2024-01-19 18:04:12,185 total number of product 1
2024-01-19 18:04:26,556 Closing down clientserver connection
2024-01-19 18:27:29,233 file uploaded to ml pick 
2024-01-19 18:28:21,046 D:/PROJECTS/Recomendation_System_FP/Code/cosin_similarity_registry/cosin_similarity_2024-01-19.csv has been uploaded to our-picks-for-you-section/cosin_csv/D:/PROJECTS/Recomendation_System_FP/Code/cosin_similarity_registry/cosin_similarity_2024-01-19.csv
2024-01-19 18:28:21,046 uploading file not found
2024-01-19 18:30:39,684 file uploaded to ml pick 
2024-01-19 18:30:39,684 uploading file not found
2024-01-19 18:32:03,286 file uploaded to ml pick 
2024-01-19 18:32:03,286 uploading file not found
2024-01-19 18:33:15,121 file uploaded to ml pick 
2024-01-19 18:33:15,121 uploading file not found
2024-01-19 18:34:59,151 uploading file not found
2024-01-19 18:37:13,556 uploading file not found
2024-01-19 18:40:44,459 {"success":true,"message":"","links":["https://fashionpass.s3.us-west-1.amazonaws.com/ml_csv/ml_csv/cosin_similarity.csv"]}
2024-01-19 18:46:00,895 file uploaded to ml pick 
2024-01-19 18:47:12,671 --api--{"success":true,"message":"","links":["https://fashionpass.s3.us-west-1.amazonaws.com/ml_csv/ml_csv/cosin_similarity.csv"]}
2024-01-19 18:49:16,372 file uploaded to ml pick 
2024-01-19 18:49:50,815 --api--{"success":true,"message":"","links":["https://fashionpass.s3.us-west-1.amazonaws.com/ml_csv/cosin_similarity.csv"]}
2024-01-19 18:55:39,160 total number of product 5
2024-01-19 18:55:42,287 Execution time:3.1273012161254883 seconds
2024-01-19 18:55:47,723 Closing down clientserver connection
2024-01-19 18:56:19,068 file uploaded to ml pick 
2024-01-19 18:56:22,272 --api--{"success":true,"message":"","links":["https://fashionpass.s3.us-west-1.amazonaws.com/ml_csv/cosin_similarity.csv"]}
2024-01-19 19:51:28,938 total number of product 5
2024-01-19 19:51:32,173 Execution time:3.2337188720703125 seconds
2024-01-19 19:51:37,575 Closing down clientserver connection
